0 info it worked if it ends with ok
1 verbose cli [ 'node', '/usr/local/bin/npm', 'link' ]
2 info using npm@2.5.0
3 info using node@v0.10.26
4 verbose linkPkg /Users/tomcaflisch/Sites/node-db-migrate
5 verbose gentlyRm vacuuming /usr/local/lib/node_modules/db-migrate
6 silly gentlyRm purging /usr/local/lib/node_modules/db-migrate
7 silly gentlyRm quitting because other entries in /usr/local/lib/node_modules
8 verbose gentlyRm vacuuming /usr/local/lib/node_modules/db-migrate
9 verbose link build target /usr/local/lib/node_modules/db-migrate
10 verbose install where, what [ '/Users/tomcaflisch/Sites/node-db-migrate', [] ]
11 verbose install where, deps [ '/Users/tomcaflisch/Sites/node-db-migrate',
11 verbose install   [ 'async',
11 verbose install     'dotenv',
11 verbose install     'final-fs',
11 verbose install     'mkdirp',
11 verbose install     'moment',
11 verbose install     'mongodb',
11 verbose install     'mysql',
11 verbose install     'nomnom',
11 verbose install     'parse-database-url',
11 verbose install     'pg',
11 verbose install     'pkginfo',
11 verbose install     'semver',
11 verbose install     'sqlite3',
11 verbose install     'code',
11 verbose install     'db-meta',
11 verbose install     'lab',
11 verbose install     'rimraf',
11 verbose install     'vows' ] ]
12 verbose install where, peers [ '/Users/tomcaflisch/Sites/node-db-migrate', [] ]
13 info preinstall db-migrate@0.9.2
14 verbose already installed skipping mysql@~2.5.4 /Users/tomcaflisch/Sites/node-db-migrate
15 verbose already installed skipping nomnom@^1.8.1 /Users/tomcaflisch/Sites/node-db-migrate
16 verbose already installed skipping parse-database-url@~0.2.2 /Users/tomcaflisch/Sites/node-db-migrate
17 verbose already installed skipping pg@~4.2.0 /Users/tomcaflisch/Sites/node-db-migrate
18 verbose already installed skipping pkginfo@~0.3.0 /Users/tomcaflisch/Sites/node-db-migrate
19 verbose already installed skipping semver@~4.3.0 /Users/tomcaflisch/Sites/node-db-migrate
20 verbose already installed skipping sqlite3@~3.0.4 /Users/tomcaflisch/Sites/node-db-migrate
21 verbose already installed skipping code@^1.3.0 /Users/tomcaflisch/Sites/node-db-migrate
22 verbose already installed skipping db-meta@~0.4.1 /Users/tomcaflisch/Sites/node-db-migrate
23 verbose already installed skipping lab@^5.2.1 /Users/tomcaflisch/Sites/node-db-migrate
24 verbose already installed skipping rimraf@~2.2.8 /Users/tomcaflisch/Sites/node-db-migrate
25 verbose already installed skipping vows@0.8.0 /Users/tomcaflisch/Sites/node-db-migrate
26 verbose already installed skipping final-fs@^1.6.0 /Users/tomcaflisch/Sites/node-db-migrate
27 verbose already installed skipping async@~0.9.0 /Users/tomcaflisch/Sites/node-db-migrate
28 verbose already installed skipping dotenv@~0.5.1 /Users/tomcaflisch/Sites/node-db-migrate
29 verbose already installed skipping mkdirp@~0.5.0 /Users/tomcaflisch/Sites/node-db-migrate
30 verbose already installed skipping moment@~2.9.0 /Users/tomcaflisch/Sites/node-db-migrate
31 verbose already installed skipping mongodb@^1.4.30 /Users/tomcaflisch/Sites/node-db-migrate
32 silly install resolved []
33 info build /Users/tomcaflisch/Sites/node-db-migrate
34 verbose linkStuff [ false, false, false, '/Users/tomcaflisch/Sites' ]
35 info linkStuff db-migrate@0.9.2
36 verbose linkBins db-migrate@0.9.2
37 verbose linkMans db-migrate@0.9.2
38 verbose rebuildBundles db-migrate@0.9.2
39 verbose rebuildBundles [ '.bin',
39 verbose rebuildBundles   'async',
39 verbose rebuildBundles   'code',
39 verbose rebuildBundles   'db-meta',
39 verbose rebuildBundles   'db-migrate',
39 verbose rebuildBundles   'dotenv',
39 verbose rebuildBundles   'final-fs',
39 verbose rebuildBundles   'lab',
39 verbose rebuildBundles   'mkdirp',
39 verbose rebuildBundles   'moment',
39 verbose rebuildBundles   'mongodb',
39 verbose rebuildBundles   'mysql',
39 verbose rebuildBundles   'nomnom',
39 verbose rebuildBundles   'optimist',
39 verbose rebuildBundles   'parse-database-url',
39 verbose rebuildBundles   'pg',
39 verbose rebuildBundles   'pkginfo',
39 verbose rebuildBundles   'rimraf',
39 verbose rebuildBundles   'semver',
39 verbose rebuildBundles   'sqlite3',
39 verbose rebuildBundles   'vows' ]
40 verbose rebuild bundle /Users/tomcaflisch/Sites/node-db-migrate/node_modules/db-migrate
41 info build /Users/tomcaflisch/Sites/node-db-migrate/node_modules/db-migrate
42 info preinstall db-migrate@0.9.2
43 verbose linkStuff [ false,
43 verbose linkStuff   false,
43 verbose linkStuff   false,
43 verbose linkStuff   '/Users/tomcaflisch/Sites/node-db-migrate/node_modules' ]
44 info linkStuff db-migrate@0.9.2
45 verbose linkBins db-migrate@0.9.2
46 verbose link bins [ { 'db-migrate': './bin/db-migrate' },
46 verbose link bins   '/Users/tomcaflisch/Sites/node-db-migrate/node_modules/.bin',
46 verbose link bins   false ]
47 verbose linkMans db-migrate@0.9.2
48 verbose rebuildBundles db-migrate@0.9.2
49 verbose rebuildBundles [ '.bin',
49 verbose rebuildBundles   'async',
49 verbose rebuildBundles   'code',
49 verbose rebuildBundles   'db-meta',
49 verbose rebuildBundles   'db-migrate',
49 verbose rebuildBundles   'dotenv',
49 verbose rebuildBundles   'final-fs',
49 verbose rebuildBundles   'lab',
49 verbose rebuildBundles   'mkdirp',
49 verbose rebuildBundles   'moment',
49 verbose rebuildBundles   'mongodb',
49 verbose rebuildBundles   'mysql',
49 verbose rebuildBundles   'nomnom',
49 verbose rebuildBundles   'optimist',
49 verbose rebuildBundles   'parse-database-url',
49 verbose rebuildBundles   'pg',
49 verbose rebuildBundles   'pkginfo',
49 verbose rebuildBundles   'rimraf',
49 verbose rebuildBundles   'semver',
49 verbose rebuildBundles   'sqlite3',
49 verbose rebuildBundles   'vows' ]
50 verbose rebuild bundle /Users/tomcaflisch/Sites/node-db-migrate/node_modules/db-migrate/node_modules/db-migrate
51 verbose gentlyRm vacuuming /Users/tomcaflisch/Sites/node-db-migrate/node_modules/.bin/db-migrate
52 info build /Users/tomcaflisch/Sites/node-db-migrate/node_modules/db-migrate/node_modules/db-migrate
53 silly gentlyRm purging /Users/tomcaflisch/Sites/node-db-migrate/node_modules/.bin/db-migrate
54 silly gentlyRm quitting because other entries in /Users/tomcaflisch/Sites/node-db-migrate/node_modules/.bin
55 info preinstall db-migrate@0.9.2
56 verbose linkStuff [ false,
56 verbose linkStuff   false,
56 verbose linkStuff   false,
56 verbose linkStuff   '/Users/tomcaflisch/Sites/node-db-migrate/node_modules/db-migrate/node_modules' ]
57 info linkStuff db-migrate@0.9.2
58 verbose linkBins db-migrate@0.9.2
59 verbose link bins [ { 'db-migrate': './bin/db-migrate' },
59 verbose link bins   '/Users/tomcaflisch/Sites/node-db-migrate/node_modules/db-migrate/node_modules/.bin',
59 verbose link bins   false ]
60 verbose linkMans db-migrate@0.9.2
61 verbose rebuildBundles db-migrate@0.9.2
62 verbose gentlyRm vacuuming /Users/tomcaflisch/Sites/node-db-migrate/node_modules/db-migrate/node_modules/.bin/db-migrate
63 verbose rebuildBundles [ '.bin',
63 verbose rebuildBundles   'async',
63 verbose rebuildBundles   'code',
63 verbose rebuildBundles   'db-meta',
63 verbose rebuildBundles   'db-migrate',
63 verbose rebuildBundles   'dotenv',
63 verbose rebuildBundles   'final-fs',
63 verbose rebuildBundles   'lab',
63 verbose rebuildBundles   'mkdirp',
63 verbose rebuildBundles   'moment',
63 verbose rebuildBundles   'mongodb',
63 verbose rebuildBundles   'mysql',
63 verbose rebuildBundles   'nomnom',
63 verbose rebuildBundles   'optimist',
63 verbose rebuildBundles   'parse-database-url',
63 verbose rebuildBundles   'pg',
63 verbose rebuildBundles   'pkginfo',
63 verbose rebuildBundles   'rimraf',
63 verbose rebuildBundles   'semver',
63 verbose rebuildBundles   'sqlite3',
63 verbose rebuildBundles   'vows' ]
64 verbose rebuild bundle /Users/tomcaflisch/Sites/node-db-migrate/node_modules/db-migrate/node_modules/db-migrate/node_modules/db-migrate
65 silly gentlyRm purging /Users/tomcaflisch/Sites/node-db-migrate/node_modules/db-migrate/node_modules/.bin/db-migrate
66 info build /Users/tomcaflisch/Sites/node-db-migrate/node_modules/db-migrate/node_modules/db-migrate/node_modules/db-migrate
67 silly gentlyRm quitting because other entries in /Users/tomcaflisch/Sites/node-db-migrate/node_modules/db-migrate/node_modules/.bin
68 info preinstall db-migrate@0.9.2
69 verbose linkStuff [ false,
69 verbose linkStuff   false,
69 verbose linkStuff   false,
69 verbose linkStuff   '/Users/tomcaflisch/Sites/node-db-migrate/node_modules/db-migrate/node_modules/db-migrate/node_modules' ]
70 info linkStuff db-migrate@0.9.2
71 verbose linkBins db-migrate@0.9.2
72 verbose link bins [ { 'db-migrate': './bin/db-migrate' },
72 verbose link bins   '/Users/tomcaflisch/Sites/node-db-migrate/node_modules/db-migrate/node_modules/db-migrate/node_modules/.bin',
72 verbose link bins   false ]
73 verbose linkMans db-migrate@0.9.2
74 verbose rebuildBundles db-migrate@0.9.2
75 verbose rebuildBundles [ '.bin',
75 verbose rebuildBundles   'async',
75 verbose rebuildBundles   'code',
75 verbose rebuildBundles   'db-meta',
75 verbose rebuildBundles   'db-migrate',
75 verbose rebuildBundles   'dotenv',
75 verbose rebuildBundles   'final-fs',
75 verbose rebuildBundles   'lab',
75 verbose rebuildBundles   'mkdirp',
75 verbose rebuildBundles   'moment',
75 verbose rebuildBundles   'mongodb',
75 verbose rebuildBundles   'mysql',
75 verbose rebuildBundles   'nomnom',
75 verbose rebuildBundles   'optimist',
75 verbose rebuildBundles   'parse-database-url',
75 verbose rebuildBundles   'pg',
75 verbose rebuildBundles   'pkginfo',
75 verbose rebuildBundles   'rimraf',
75 verbose rebuildBundles   'semver',
75 verbose rebuildBundles   'sqlite3',
75 verbose rebuildBundles   'vows' ]
76 verbose rebuild bundle /Users/tomcaflisch/Sites/node-db-migrate/node_modules/db-migrate/node_modules/db-migrate/node_modules/db-migrate/node_modules/db-migrate
77 verbose gentlyRm vacuuming /Users/tomcaflisch/Sites/node-db-migrate/node_modules/db-migrate/node_modules/db-migrate/node_modules/.bin/db-migrate
78 info build /Users/tomcaflisch/Sites/node-db-migrate/node_modules/db-migrate/node_modules/db-migrate/node_modules/db-migrate/node_modules/db-migrate
79 silly gentlyRm purging /Users/tomcaflisch/Sites/node-db-migrate/node_modules/db-migrate/node_modules/db-migrate/node_modules/.bin/db-migrate
80 silly gentlyRm quitting because other entries in /Users/tomcaflisch/Sites/node-db-migrate/node_modules/db-migrate/node_modules/db-migrate/node_modules/.bin
81 info preinstall db-migrate@0.9.2
82 verbose linkStuff [ false,
82 verbose linkStuff   false,
82 verbose linkStuff   false,
82 verbose linkStuff   '/Users/tomcaflisch/Sites/node-db-migrate/node_modules/db-migrate/node_modules/db-migrate/node_modules/db-migrate/node_modules' ]
83 info linkStuff db-migrate@0.9.2
84 verbose linkBins db-migrate@0.9.2
85 verbose link bins [ { 'db-migrate': './bin/db-migrate' },
85 verbose link bins   '/Users/tomcaflisch/Sites/node-db-migrate/node_modules/db-migrate/node_modules/db-migrate/node_modules/db-migrate/node_modules/.bin',
85 verbose link bins   false ]
86 verbose linkMans db-migrate@0.9.2
87 verbose rebuildBundles db-migrate@0.9.2
88 verbose rebuildBundles [ '.bin',
88 verbose rebuildBundles   'async',
88 verbose rebuildBundles   'code',
88 verbose rebuildBundles   'db-meta',
88 verbose rebuildBundles   'db-migrate',
88 verbose rebuildBundles   'dotenv',
88 verbose rebuildBundles   'final-fs',
88 verbose rebuildBundles   'lab',
88 verbose rebuildBundles   'mkdirp',
88 verbose rebuildBundles   'moment',
88 verbose rebuildBundles   'mongodb',
88 verbose rebuildBundles   'mysql',
88 verbose rebuildBundles   'nomnom',
88 verbose rebuildBundles   'optimist',
88 verbose rebuildBundles   'parse-database-url',
88 verbose rebuildBundles   'pg',
88 verbose rebuildBundles   'pkginfo',
88 verbose rebuildBundles   'rimraf',
88 verbose rebuildBundles   'semver',
88 verbose rebuildBundles   'sqlite3',
88 verbose rebuildBundles   'vows' ]
89 verbose rebuild bundle /Users/tomcaflisch/Sites/node-db-migrate/node_modules/db-migrate/node_modules/db-migrate/node_modules/db-migrate/node_modules/db-migrate/node_modules/db-migrate
90 verbose gentlyRm vacuuming /Users/tomcaflisch/Sites/node-db-migrate/node_modules/db-migrate/node_modules/db-migrate/node_modules/db-migrate/node_modules/.bin/db-migrate
91 info build /Users/tomcaflisch/Sites/node-db-migrate/node_modules/db-migrate/node_modules/db-migrate/node_modules/db-migrate/node_modules/db-migrate/node_modules/db-migrate
92 silly gentlyRm purging /Users/tomcaflisch/Sites/node-db-migrate/node_modules/db-migrate/node_modules/db-migrate/node_modules/db-migrate/node_modules/.bin/db-migrate
93 silly gentlyRm quitting because other entries in /Users/tomcaflisch/Sites/node-db-migrate/node_modules/db-migrate/node_modules/db-migrate/node_modules/db-migrate/node_modules/.bin
94 info preinstall db-migrate@0.9.2
95 verbose linkStuff [ false,
95 verbose linkStuff   false,
95 verbose linkStuff   false,
95 verbose linkStuff   '/Users/tomcaflisch/Sites/node-db-migrate/node_modules/db-migrate/node_modules/db-migrate/node_modules/db-migrate/node_modules/db-migrate/node_modules' ]
96 info linkStuff db-migrate@0.9.2
97 verbose linkBins db-migrate@0.9.2
98 verbose link bins [ { 'db-migrate': './bin/db-migrate' },
98 verbose link bins   '/Users/tomcaflisch/Sites/node-db-migrate/node_modules/db-migrate/node_modules/db-migrate/node_modules/db-migrate/node_modules/db-migrate/node_modules/.bin',
98 verbose link bins   false ]
99 verbose linkMans db-migrate@0.9.2
100 verbose rebuildBundles db-migrate@0.9.2
101 verbose rebuildBundles [ '.bin',
101 verbose rebuildBundles   'async',
101 verbose rebuildBundles   'code',
101 verbose rebuildBundles   'db-meta',
101 verbose rebuildBundles   'db-migrate',
101 verbose rebuildBundles   'dotenv',
101 verbose rebuildBundles   'final-fs',
101 verbose rebuildBundles   'lab',
101 verbose rebuildBundles   'mkdirp',
101 verbose rebuildBundles   'moment',
101 verbose rebuildBundles   'mongodb',
101 verbose rebuildBundles   'mysql',
101 verbose rebuildBundles   'nomnom',
101 verbose rebuildBundles   'optimist',
101 verbose rebuildBundles   'parse-database-url',
101 verbose rebuildBundles   'pg',
101 verbose rebuildBundles   'pkginfo',
101 verbose rebuildBundles   'rimraf',
101 verbose rebuildBundles   'semver',
101 verbose rebuildBundles   'sqlite3',
101 verbose rebuildBundles   'vows' ]
102 verbose rebuild bundle /Users/tomcaflisch/Sites/node-db-migrate/node_modules/db-migrate/node_modules/db-migrate/node_modules/db-migrate/node_modules/db-migrate/node_modules/db-migrate/node_modules/db-migrate
103 verbose gentlyRm vacuuming /Users/tomcaflisch/Sites/node-db-migrate/node_modules/db-migrate/node_modules/db-migrate/node_modules/db-migrate/node_modules/db-migrate/node_modules/.bin/db-migrate
104 info build /Users/tomcaflisch/Sites/node-db-migrate/node_modules/db-migrate/node_modules/db-migrate/node_modules/db-migrate/node_modules/db-migrate/node_modules/db-migrate/node_modules/db-migrate
105 silly gentlyRm purging /Users/tomcaflisch/Sites/node-db-migrate/node_modules/db-migrate/node_modules/db-migrate/node_modules/db-migrate/node_modules/db-migrate/node_modules/.bin/db-migrate
106 silly gentlyRm quitting because other entries in /Users/tomcaflisch/Sites/node-db-migrate/node_modules/db-migrate/node_modules/db-migrate/node_modules/db-migrate/node_modules/db-migrate/node_modules/.bin
107 info preinstall db-migrate@0.9.2
108 verbose linkStuff [ false,
108 verbose linkStuff   false,
108 verbose linkStuff   false,
108 verbose linkStuff   '/Users/tomcaflisch/Sites/node-db-migrate/node_modules/db-migrate/node_modules/db-migrate/node_modules/db-migrate/node_modules/db-migrate/node_modules/db-migrate/node_modules' ]
109 info linkStuff db-migrate@0.9.2
110 verbose linkBins db-migrate@0.9.2
111 verbose link bins [ { 'db-migrate': './bin/db-migrate' },
111 verbose link bins   '/Users/tomcaflisch/Sites/node-db-migrate/node_modules/db-migrate/node_modules/db-migrate/node_modules/db-migrate/node_modules/db-migrate/node_modules/db-migrate/node_modules/.bin',
111 verbose link bins   false ]
112 verbose linkMans db-migrate@0.9.2
113 verbose rebuildBundles db-migrate@0.9.2
114 verbose rebuildBundles [ '.bin',
114 verbose rebuildBundles   'async',
114 verbose rebuildBundles   'code',
114 verbose rebuildBundles   'db-meta',
114 verbose rebuildBundles   'db-migrate',
114 verbose rebuildBundles   'dotenv',
114 verbose rebuildBundles   'final-fs',
114 verbose rebuildBundles   'lab',
114 verbose rebuildBundles   'mkdirp',
114 verbose rebuildBundles   'moment',
114 verbose rebuildBundles   'mongodb',
114 verbose rebuildBundles   'mysql',
114 verbose rebuildBundles   'nomnom',
114 verbose rebuildBundles   'optimist',
114 verbose rebuildBundles   'parse-database-url',
114 verbose rebuildBundles   'pg',
114 verbose rebuildBundles   'pkginfo',
114 verbose rebuildBundles   'rimraf',
114 verbose rebuildBundles   'semver',
114 verbose rebuildBundles   'sqlite3',
114 verbose rebuildBundles   'vows' ]
115 verbose rebuild bundle /Users/tomcaflisch/Sites/node-db-migrate/node_modules/db-migrate/node_modules/db-migrate/node_modules/db-migrate/node_modules/db-migrate/node_modules/db-migrate/node_modules/db-migrate/node_modules/db-migrate
116 verbose gentlyRm vacuuming /Users/tomcaflisch/Sites/node-db-migrate/node_modules/db-migrate/node_modules/db-migrate/node_modules/db-migrate/node_modules/db-migrate/node_modules/db-migrate/node_modules/.bin/db-migrate
117 info build /Users/tomcaflisch/Sites/node-db-migrate/node_modules/db-migrate/node_modules/db-migrate/node_modules/db-migrate/node_modules/db-migrate/node_modules/db-migrate/node_modules/db-migrate/node_modules/db-migrate
118 silly gentlyRm purging /Users/tomcaflisch/Sites/node-db-migrate/node_modules/db-migrate/node_modules/db-migrate/node_modules/db-migrate/node_modules/db-migrate/node_modules/db-migrate/node_modules/.bin/db-migrate
119 silly gentlyRm quitting because other entries in /Users/tomcaflisch/Sites/node-db-migrate/node_modules/db-migrate/node_modules/db-migrate/node_modules/db-migrate/node_modules/db-migrate/node_modules/db-migrate/node_modules/.bin
120 info preinstall db-migrate@0.9.2
121 verbose linkStuff [ false,
121 verbose linkStuff   false,
121 verbose linkStuff   false,
121 verbose linkStuff   '/Users/tomcaflisch/Sites/node-db-migrate/node_modules/db-migrate/node_modules/db-migrate/node_modules/db-migrate/node_modules/db-migrate/node_modules/db-migrate/node_modules/db-migrate/node_modules' ]
122 info linkStuff db-migrate@0.9.2
123 verbose linkBins db-migrate@0.9.2
124 verbose link bins [ { 'db-migrate': './bin/db-migrate' },
124 verbose link bins   '/Users/tomcaflisch/Sites/node-db-migrate/node_modules/db-migrate/node_modules/db-migrate/node_modules/db-migrate/node_modules/db-migrate/node_modules/db-migrate/node_modules/db-migrate/node_modules/.bin',
124 verbose link bins   false ]
125 verbose linkMans db-migrate@0.9.2
126 verbose rebuildBundles db-migrate@0.9.2
127 verbose rebuildBundles [ '.bin',
127 verbose rebuildBundles   'async',
127 verbose rebuildBundles   'code',
127 verbose rebuildBundles   'db-meta',
127 verbose rebuildBundles   'db-migrate',
127 verbose rebuildBundles   'dotenv',
127 verbose rebuildBundles   'final-fs',
127 verbose rebuildBundles   'lab',
127 verbose rebuildBundles   'mkdirp',
127 verbose rebuildBundles   'moment',
127 verbose rebuildBundles   'mongodb',
127 verbose rebuildBundles   'mysql',
127 verbose rebuildBundles   'nomnom',
127 verbose rebuildBundles   'optimist',
127 verbose rebuildBundles   'parse-database-url',
127 verbose rebuildBundles   'pg',
127 verbose rebuildBundles   'pkginfo',
127 verbose rebuildBundles   'rimraf',
127 verbose rebuildBundles   'semver',
127 verbose rebuildBundles   'sqlite3',
127 verbose rebuildBundles   'vows' ]
128 verbose rebuild bundle /Users/tomcaflisch/Sites/node-db-migrate/node_modules/db-migrate/node_modules/db-migrate/node_modules/db-migrate/node_modules/db-migrate/node_modules/db-migrate/node_modules/db-migrate/node_modules/db-migrate/node_modules/db-migrate
129 verbose gentlyRm vacuuming /Users/tomcaflisch/Sites/node-db-migrate/node_modules/db-migrate/node_modules/db-migrate/node_modules/db-migrate/node_modules/db-migrate/node_modules/db-migrate/node_modules/db-migrate/node_modules/.bin/db-migrate
130 info build /Users/tomcaflisch/Sites/node-db-migrate/node_modules/db-migrate/node_modules/db-migrate/node_modules/db-migrate/node_modules/db-migrate/node_modules/db-migrate/node_modules/db-migrate/node_modules/db-migrate/node_modules/db-migrate
131 silly gentlyRm purging /Users/tomcaflisch/Sites/node-db-migrate/node_modules/db-migrate/node_modules/db-migrate/node_modules/db-migrate/node_modules/db-migrate/node_modules/db-migrate/node_modules/db-migrate/node_modules/.bin/db-migrate
132 silly gentlyRm quitting because other entries in /Users/tomcaflisch/Sites/node-db-migrate/node_modules/db-migrate/node_modules/db-migrate/node_modules/db-migrate/node_modules/db-migrate/node_modules/db-migrate/node_modules/db-migrate/node_modules/.bin
133 info preinstall db-migrate@0.9.2
134 verbose linkStuff [ false,
134 verbose linkStuff   false,
134 verbose linkStuff   false,
134 verbose linkStuff   '/Users/tomcaflisch/Sites/node-db-migrate/node_modules/db-migrate/node_modules/db-migrate/node_modules/db-migrate/node_modules/db-migrate/node_modules/db-migrate/node_modules/db-migrate/node_modules/db-migrate/node_modules' ]
135 info linkStuff db-migrate@0.9.2
136 verbose linkBins db-migrate@0.9.2
137 verbose link bins [ { 'db-migrate': './bin/db-migrate' },
137 verbose link bins   '/Users/tomcaflisch/Sites/node-db-migrate/node_modules/db-migrate/node_modules/db-migrate/node_modules/db-migrate/node_modules/db-migrate/node_modules/db-migrate/node_modules/db-migrate/node_modules/db-migrate/node_modules/.bin',
137 verbose link bins   false ]
138 verbose linkMans db-migrate@0.9.2
139 verbose rebuildBundles db-migrate@0.9.2
140 verbose rebuildBundles [ '.bin',
140 verbose rebuildBundles   'async',
140 verbose rebuildBundles   'code',
140 verbose rebuildBundles   'db-meta',
140 verbose rebuildBundles   'db-migrate',
140 verbose rebuildBundles   'dotenv',
140 verbose rebuildBundles   'final-fs',
140 verbose rebuildBundles   'lab',
140 verbose rebuildBundles   'mkdirp',
140 verbose rebuildBundles   'moment',
140 verbose rebuildBundles   'mongodb',
140 verbose rebuildBundles   'mysql',
140 verbose rebuildBundles   'nomnom',
140 verbose rebuildBundles   'optimist',
140 verbose rebuildBundles   'parse-database-url',
140 verbose rebuildBundles   'pg',
140 verbose rebuildBundles   'pkginfo',
140 verbose rebuildBundles   'rimraf',
140 verbose rebuildBundles   'semver',
140 verbose rebuildBundles   'sqlite3',
140 verbose rebuildBundles   'vows' ]
141 verbose rebuild bundle /Users/tomcaflisch/Sites/node-db-migrate/node_modules/db-migrate/node_modules/db-migrate/node_modules/db-migrate/node_modules/db-migrate/node_modules/db-migrate/node_modules/db-migrate/node_modules/db-migrate/node_modules/db-migrate/node_modules/db-migrate
142 verbose gentlyRm vacuuming /Users/tomcaflisch/Sites/node-db-migrate/node_modules/db-migrate/node_modules/db-migrate/node_modules/db-migrate/node_modules/db-migrate/node_modules/db-migrate/node_modules/db-migrate/node_modules/db-migrate/node_modules/.bin/db-migrate
143 info build /Users/tomcaflisch/Sites/node-db-migrate/node_modules/db-migrate/node_modules/db-migrate/node_modules/db-migrate/node_modules/db-migrate/node_modules/db-migrate/node_modules/db-migrate/node_modules/db-migrate/node_modules/db-migrate/node_modules/db-migrate
144 silly gentlyRm purging /Users/tomcaflisch/Sites/node-db-migrate/node_modules/db-migrate/node_modules/db-migrate/node_modules/db-migrate/node_modules/db-migrate/node_modules/db-migrate/node_modules/db-migrate/node_modules/db-migrate/node_modules/.bin/db-migrate
145 silly gentlyRm quitting because other entries in /Users/tomcaflisch/Sites/node-db-migrate/node_modules/db-migrate/node_modules/db-migrate/node_modules/db-migrate/node_modules/db-migrate/node_modules/db-migrate/node_modules/db-migrate/node_modules/db-migrate/node_modules/.bin
146 info preinstall db-migrate@0.9.2
147 verbose linkStuff [ false,
147 verbose linkStuff   false,
147 verbose linkStuff   false,
147 verbose linkStuff   '/Users/tomcaflisch/Sites/node-db-migrate/node_modules/db-migrate/node_modules/db-migrate/node_modules/db-migrate/node_modules/db-migrate/node_modules/db-migrate/node_modules/db-migrate/node_modules/db-migrate/node_modules/db-migrate/node_modules' ]
148 info linkStuff db-migrate@0.9.2
149 verbose linkBins db-migrate@0.9.2
150 verbose link bins [ { 'db-migrate': './bin/db-migrate' },
150 verbose link bins   '/Users/tomcaflisch/Sites/node-db-migrate/node_modules/db-migrate/node_modules/db-migrate/node_modules/db-migrate/node_modules/db-migrate/node_modules/db-migrate/node_modules/db-migrate/node_modules/db-migrate/node_modules/db-migrate/node_modules/.bin',
150 verbose link bins   false ]
151 verbose linkMans db-migrate@0.9.2
152 verbose rebuildBundles db-migrate@0.9.2
153 verbose rebuildBundles [ '.bin',
153 verbose rebuildBundles   'async',
153 verbose rebuildBundles   'code',
153 verbose rebuildBundles   'db-meta',
153 verbose rebuildBundles   'db-migrate',
153 verbose rebuildBundles   'dotenv',
153 verbose rebuildBundles   'final-fs',
153 verbose rebuildBundles   'lab',
153 verbose rebuildBundles   'mkdirp',
153 verbose rebuildBundles   'moment',
153 verbose rebuildBundles   'mongodb',
153 verbose rebuildBundles   'mysql',
153 verbose rebuildBundles   'nomnom',
153 verbose rebuildBundles   'optimist',
153 verbose rebuildBundles   'parse-database-url',
153 verbose rebuildBundles   'pg',
153 verbose rebuildBundles   'pkginfo',
153 verbose rebuildBundles   'rimraf',
153 verbose rebuildBundles   'semver',
153 verbose rebuildBundles   'sqlite3',
153 verbose rebuildBundles   'vows' ]
154 verbose rebuild bundle /Users/tomcaflisch/Sites/node-db-migrate/node_modules/db-migrate/node_modules/db-migrate/node_modules/db-migrate/node_modules/db-migrate/node_modules/db-migrate/node_modules/db-migrate/node_modules/db-migrate/node_modules/db-migrate/node_modules/db-migrate/node_modules/db-migrate
155 verbose gentlyRm vacuuming /Users/tomcaflisch/Sites/node-db-migrate/node_modules/db-migrate/node_modules/db-migrate/node_modules/db-migrate/node_modules/db-migrate/node_modules/db-migrate/node_modules/db-migrate/node_modules/db-migrate/node_modules/db-migrate/node_modules/.bin/db-migrate
156 info build /Users/tomcaflisch/Sites/node-db-migrate/node_modules/db-migrate/node_modules/db-migrate/node_modules/db-migrate/node_modules/db-migrate/node_modules/db-migrate/node_modules/db-migrate/node_modules/db-migrate/node_modules/db-migrate/node_modules/db-migrate/node_modules/db-migrate
157 silly gentlyRm purging /Users/tomcaflisch/Sites/node-db-migrate/node_modules/db-migrate/node_modules/db-migrate/node_modules/db-migrate/node_modules/db-migrate/node_modules/db-migrate/node_modules/db-migrate/node_modules/db-migrate/node_modules/db-migrate/node_modules/.bin/db-migrate
158 silly gentlyRm quitting because other entries in /Users/tomcaflisch/Sites/node-db-migrate/node_modules/db-migrate/node_modules/db-migrate/node_modules/db-migrate/node_modules/db-migrate/node_modules/db-migrate/node_modules/db-migrate/node_modules/db-migrate/node_modules/db-migrate/node_modules/.bin
159 info preinstall db-migrate@0.9.2
160 verbose linkStuff [ false,
160 verbose linkStuff   false,
160 verbose linkStuff   false,
160 verbose linkStuff   '/Users/tomcaflisch/Sites/node-db-migrate/node_modules/db-migrate/node_modules/db-migrate/node_modules/db-migrate/node_modules/db-migrate/node_modules/db-migrate/node_modules/db-migrate/node_modules/db-migrate/node_modules/db-migrate/node_modules/db-migrate/node_modules' ]
161 info linkStuff db-migrate@0.9.2
162 verbose linkBins db-migrate@0.9.2
163 verbose link bins [ { 'db-migrate': './bin/db-migrate' },
163 verbose link bins   '/Users/tomcaflisch/Sites/node-db-migrate/node_modules/db-migrate/node_modules/db-migrate/node_modules/db-migrate/node_modules/db-migrate/node_modules/db-migrate/node_modules/db-migrate/node_modules/db-migrate/node_modules/db-migrate/node_modules/db-migrate/node_modules/.bin',
163 verbose link bins   false ]
164 verbose linkMans db-migrate@0.9.2
165 verbose rebuildBundles db-migrate@0.9.2
166 verbose rebuildBundles [ '.bin',
166 verbose rebuildBundles   'async',
166 verbose rebuildBundles   'code',
166 verbose rebuildBundles   'db-meta',
166 verbose rebuildBundles   'db-migrate',
166 verbose rebuildBundles   'dotenv',
166 verbose rebuildBundles   'final-fs',
166 verbose rebuildBundles   'lab',
166 verbose rebuildBundles   'mkdirp',
166 verbose rebuildBundles   'moment',
166 verbose rebuildBundles   'mongodb',
166 verbose rebuildBundles   'mysql',
166 verbose rebuildBundles   'nomnom',
166 verbose rebuildBundles   'optimist',
166 verbose rebuildBundles   'parse-database-url',
166 verbose rebuildBundles   'pg',
166 verbose rebuildBundles   'pkginfo',
166 verbose rebuildBundles   'rimraf',
166 verbose rebuildBundles   'semver',
166 verbose rebuildBundles   'sqlite3',
166 verbose rebuildBundles   'vows' ]
167 verbose rebuild bundle /Users/tomcaflisch/Sites/node-db-migrate/node_modules/db-migrate/node_modules/db-migrate/node_modules/db-migrate/node_modules/db-migrate/node_modules/db-migrate/node_modules/db-migrate/node_modules/db-migrate/node_modules/db-migrate/node_modules/db-migrate/node_modules/db-migrate/node_modules/db-migrate
168 verbose gentlyRm vacuuming /Users/tomcaflisch/Sites/node-db-migrate/node_modules/db-migrate/node_modules/db-migrate/node_modules/db-migrate/node_modules/db-migrate/node_modules/db-migrate/node_modules/db-migrate/node_modules/db-migrate/node_modules/db-migrate/node_modules/db-migrate/node_modules/.bin/db-migrate
169 info build /Users/tomcaflisch/Sites/node-db-migrate/node_modules/db-migrate/node_modules/db-migrate/node_modules/db-migrate/node_modules/db-migrate/node_modules/db-migrate/node_modules/db-migrate/node_modules/db-migrate/node_modules/db-migrate/node_modules/db-migrate/node_modules/db-migrate/node_modules/db-migrate
170 silly gentlyRm purging /Users/tomcaflisch/Sites/node-db-migrate/node_modules/db-migrate/node_modules/db-migrate/node_modules/db-migrate/node_modules/db-migrate/node_modules/db-migrate/node_modules/db-migrate/node_modules/db-migrate/node_modules/db-migrate/node_modules/db-migrate/node_modules/.bin/db-migrate
171 silly gentlyRm quitting because other entries in /Users/tomcaflisch/Sites/node-db-migrate/node_modules/db-migrate/node_modules/db-migrate/node_modules/db-migrate/node_modules/db-migrate/node_modules/db-migrate/node_modules/db-migrate/node_modules/db-migrate/node_modules/db-migrate/node_modules/db-migrate/node_modules/.bin
172 info preinstall db-migrate@0.9.2
173 verbose linkStuff [ false,
173 verbose linkStuff   false,
173 verbose linkStuff   false,
173 verbose linkStuff   '/Users/tomcaflisch/Sites/node-db-migrate/node_modules/db-migrate/node_modules/db-migrate/node_modules/db-migrate/node_modules/db-migrate/node_modules/db-migrate/node_modules/db-migrate/node_modules/db-migrate/node_modules/db-migrate/node_modules/db-migrate/node_modules/db-migrate/node_modules' ]
174 info linkStuff db-migrate@0.9.2
175 verbose linkBins db-migrate@0.9.2
176 verbose link bins [ { 'db-migrate': './bin/db-migrate' },
176 verbose link bins   '/Users/tomcaflisch/Sites/node-db-migrate/node_modules/db-migrate/node_modules/db-migrate/node_modules/db-migrate/node_modules/db-migrate/node_modules/db-migrate/node_modules/db-migrate/node_modules/db-migrate/node_modules/db-migrate/node_modules/db-migrate/node_modules/db-migrate/node_modules/.bin',
176 verbose link bins   false ]
177 verbose linkMans db-migrate@0.9.2
178 verbose rebuildBundles db-migrate@0.9.2
179 verbose rebuildBundles [ '.bin',
179 verbose rebuildBundles   'async',
179 verbose rebuildBundles   'code',
179 verbose rebuildBundles   'db-meta',
179 verbose rebuildBundles   'db-migrate',
179 verbose rebuildBundles   'dotenv',
179 verbose rebuildBundles   'final-fs',
179 verbose rebuildBundles   'lab',
179 verbose rebuildBundles   'mkdirp',
179 verbose rebuildBundles   'moment',
179 verbose rebuildBundles   'mongodb',
179 verbose rebuildBundles   'mysql',
179 verbose rebuildBundles   'nomnom',
179 verbose rebuildBundles   'optimist',
179 verbose rebuildBundles   'parse-database-url',
179 verbose rebuildBundles   'pg',
179 verbose rebuildBundles   'pkginfo',
179 verbose rebuildBundles   'rimraf',
179 verbose rebuildBundles   'semver',
179 verbose rebuildBundles   'sqlite3',
179 verbose rebuildBundles   'vows' ]
180 verbose rebuild bundle /Users/tomcaflisch/Sites/node-db-migrate/node_modules/db-migrate/node_modules/db-migrate/node_modules/db-migrate/node_modules/db-migrate/node_modules/db-migrate/node_modules/db-migrate/node_modules/db-migrate/node_modules/db-migrate/node_modules/db-migrate/node_modules/db-migrate/node_modules/db-migrate/node_modules/db-migrate
181 verbose gentlyRm vacuuming /Users/tomcaflisch/Sites/node-db-migrate/node_modules/db-migrate/node_modules/db-migrate/node_modules/db-migrate/node_modules/db-migrate/node_modules/db-migrate/node_modules/db-migrate/node_modules/db-migrate/node_modules/db-migrate/node_modules/db-migrate/node_modules/db-migrate/node_modules/.bin/db-migrate
182 info build /Users/tomcaflisch/Sites/node-db-migrate/node_modules/db-migrate/node_modules/db-migrate/node_modules/db-migrate/node_modules/db-migrate/node_modules/db-migrate/node_modules/db-migrate/node_modules/db-migrate/node_modules/db-migrate/node_modules/db-migrate/node_modules/db-migrate/node_modules/db-migrate/node_modules/db-migrate
183 silly gentlyRm purging /Users/tomcaflisch/Sites/node-db-migrate/node_modules/db-migrate/node_modules/db-migrate/node_modules/db-migrate/node_modules/db-migrate/node_modules/db-migrate/node_modules/db-migrate/node_modules/db-migrate/node_modules/db-migrate/node_modules/db-migrate/node_modules/db-migrate/node_modules/.bin/db-migrate
184 silly gentlyRm quitting because other entries in /Users/tomcaflisch/Sites/node-db-migrate/node_modules/db-migrate/node_modules/db-migrate/node_modules/db-migrate/node_modules/db-migrate/node_modules/db-migrate/node_modules/db-migrate/node_modules/db-migrate/node_modules/db-migrate/node_modules/db-migrate/node_modules/db-migrate/node_modules/.bin
185 info preinstall db-migrate@0.9.2
186 verbose linkStuff [ false,
186 verbose linkStuff   false,
186 verbose linkStuff   false,
186 verbose linkStuff   '/Users/tomcaflisch/Sites/node-db-migrate/node_modules/db-migrate/node_modules/db-migrate/node_modules/db-migrate/node_modules/db-migrate/node_modules/db-migrate/node_modules/db-migrate/node_modules/db-migrate/node_modules/db-migrate/node_modules/db-migrate/node_modules/db-migrate/node_modules/db-migrate/node_modules' ]
187 info linkStuff db-migrate@0.9.2
188 verbose linkBins db-migrate@0.9.2
189 verbose link bins [ { 'db-migrate': './bin/db-migrate' },
189 verbose link bins   '/Users/tomcaflisch/Sites/node-db-migrate/node_modules/db-migrate/node_modules/db-migrate/node_modules/db-migrate/node_modules/db-migrate/node_modules/db-migrate/node_modules/db-migrate/node_modules/db-migrate/node_modules/db-migrate/node_modules/db-migrate/node_modules/db-migrate/node_modules/db-migrate/node_modules/.bin',
189 verbose link bins   false ]
190 verbose linkMans db-migrate@0.9.2
191 verbose rebuildBundles db-migrate@0.9.2
192 verbose rebuildBundles [ '.bin',
192 verbose rebuildBundles   'async',
192 verbose rebuildBundles   'code',
192 verbose rebuildBundles   'db-meta',
192 verbose rebuildBundles   'db-migrate',
192 verbose rebuildBundles   'dotenv',
192 verbose rebuildBundles   'final-fs',
192 verbose rebuildBundles   'lab',
192 verbose rebuildBundles   'mkdirp',
192 verbose rebuildBundles   'moment',
192 verbose rebuildBundles   'mongodb',
192 verbose rebuildBundles   'mysql',
192 verbose rebuildBundles   'nomnom',
192 verbose rebuildBundles   'optimist',
192 verbose rebuildBundles   'parse-database-url',
192 verbose rebuildBundles   'pg',
192 verbose rebuildBundles   'pkginfo',
192 verbose rebuildBundles   'rimraf',
192 verbose rebuildBundles   'semver',
192 verbose rebuildBundles   'sqlite3',
192 verbose rebuildBundles   'vows' ]
193 verbose rebuild bundle /Users/tomcaflisch/Sites/node-db-migrate/node_modules/db-migrate/node_modules/db-migrate/node_modules/db-migrate/node_modules/db-migrate/node_modules/db-migrate/node_modules/db-migrate/node_modules/db-migrate/node_modules/db-migrate/node_modules/db-migrate/node_modules/db-migrate/node_modules/db-migrate/node_modules/db-migrate/node_modules/db-migrate
194 verbose gentlyRm vacuuming /Users/tomcaflisch/Sites/node-db-migrate/node_modules/db-migrate/node_modules/db-migrate/node_modules/db-migrate/node_modules/db-migrate/node_modules/db-migrate/node_modules/db-migrate/node_modules/db-migrate/node_modules/db-migrate/node_modules/db-migrate/node_modules/db-migrate/node_modules/db-migrate/node_modules/.bin/db-migrate
195 info build /Users/tomcaflisch/Sites/node-db-migrate/node_modules/db-migrate/node_modules/db-migrate/node_modules/db-migrate/node_modules/db-migrate/node_modules/db-migrate/node_modules/db-migrate/node_modules/db-migrate/node_modules/db-migrate/node_modules/db-migrate/node_modules/db-migrate/node_modules/db-migrate/node_modules/db-migrate/node_modules/db-migrate
196 silly gentlyRm purging /Users/tomcaflisch/Sites/node-db-migrate/node_modules/db-migrate/node_modules/db-migrate/node_modules/db-migrate/node_modules/db-migrate/node_modules/db-migrate/node_modules/db-migrate/node_modules/db-migrate/node_modules/db-migrate/node_modules/db-migrate/node_modules/db-migrate/node_modules/db-migrate/node_modules/.bin/db-migrate
197 silly gentlyRm quitting because other entries in /Users/tomcaflisch/Sites/node-db-migrate/node_modules/db-migrate/node_modules/db-migrate/node_modules/db-migrate/node_modules/db-migrate/node_modules/db-migrate/node_modules/db-migrate/node_modules/db-migrate/node_modules/db-migrate/node_modules/db-migrate/node_modules/db-migrate/node_modules/db-migrate/node_modules/.bin
198 info preinstall db-migrate@0.9.2
199 verbose linkStuff [ false,
199 verbose linkStuff   false,
199 verbose linkStuff   false,
199 verbose linkStuff   '/Users/tomcaflisch/Sites/node-db-migrate/node_modules/db-migrate/node_modules/db-migrate/node_modules/db-migrate/node_modules/db-migrate/node_modules/db-migrate/node_modules/db-migrate/node_modules/db-migrate/node_modules/db-migrate/node_modules/db-migrate/node_modules/db-migrate/node_modules/db-migrate/node_modules/db-migrate/node_modules' ]
200 info linkStuff db-migrate@0.9.2
201 verbose linkBins db-migrate@0.9.2
202 verbose link bins [ { 'db-migrate': './bin/db-migrate' },
202 verbose link bins   '/Users/tomcaflisch/Sites/node-db-migrate/node_modules/db-migrate/node_modules/db-migrate/node_modules/db-migrate/node_modules/db-migrate/node_modules/db-migrate/node_modules/db-migrate/node_modules/db-migrate/node_modules/db-migrate/node_modules/db-migrate/node_modules/db-migrate/node_modules/db-migrate/node_modules/db-migrate/node_modules/.bin',
202 verbose link bins   false ]
203 verbose linkMans db-migrate@0.9.2
204 verbose rebuildBundles db-migrate@0.9.2
205 verbose rebuildBundles [ '.bin',
205 verbose rebuildBundles   'async',
205 verbose rebuildBundles   'code',
205 verbose rebuildBundles   'db-meta',
205 verbose rebuildBundles   'db-migrate',
205 verbose rebuildBundles   'dotenv',
205 verbose rebuildBundles   'final-fs',
205 verbose rebuildBundles   'lab',
205 verbose rebuildBundles   'mkdirp',
205 verbose rebuildBundles   'moment',
205 verbose rebuildBundles   'mongodb',
205 verbose rebuildBundles   'mysql',
205 verbose rebuildBundles   'nomnom',
205 verbose rebuildBundles   'optimist',
205 verbose rebuildBundles   'parse-database-url',
205 verbose rebuildBundles   'pg',
205 verbose rebuildBundles   'pkginfo',
205 verbose rebuildBundles   'rimraf',
205 verbose rebuildBundles   'semver',
205 verbose rebuildBundles   'sqlite3',
205 verbose rebuildBundles   'vows' ]
206 verbose rebuild bundle /Users/tomcaflisch/Sites/node-db-migrate/node_modules/db-migrate/node_modules/db-migrate/node_modules/db-migrate/node_modules/db-migrate/node_modules/db-migrate/node_modules/db-migrate/node_modules/db-migrate/node_modules/db-migrate/node_modules/db-migrate/node_modules/db-migrate/node_modules/db-migrate/node_modules/db-migrate/node_modules/db-migrate/node_modules/db-migrate
207 verbose gentlyRm vacuuming /Users/tomcaflisch/Sites/node-db-migrate/node_modules/db-migrate/node_modules/db-migrate/node_modules/db-migrate/node_modules/db-migrate/node_modules/db-migrate/node_modules/db-migrate/node_modules/db-migrate/node_modules/db-migrate/node_modules/db-migrate/node_modules/db-migrate/node_modules/db-migrate/node_modules/db-migrate/node_modules/.bin/db-migrate
208 info build /Users/tomcaflisch/Sites/node-db-migrate/node_modules/db-migrate/node_modules/db-migrate/node_modules/db-migrate/node_modules/db-migrate/node_modules/db-migrate/node_modules/db-migrate/node_modules/db-migrate/node_modules/db-migrate/node_modules/db-migrate/node_modules/db-migrate/node_modules/db-migrate/node_modules/db-migrate/node_modules/db-migrate/node_modules/db-migrate
209 silly gentlyRm purging /Users/tomcaflisch/Sites/node-db-migrate/node_modules/db-migrate/node_modules/db-migrate/node_modules/db-migrate/node_modules/db-migrate/node_modules/db-migrate/node_modules/db-migrate/node_modules/db-migrate/node_modules/db-migrate/node_modules/db-migrate/node_modules/db-migrate/node_modules/db-migrate/node_modules/db-migrate/node_modules/.bin/db-migrate
210 silly gentlyRm quitting because other entries in /Users/tomcaflisch/Sites/node-db-migrate/node_modules/db-migrate/node_modules/db-migrate/node_modules/db-migrate/node_modules/db-migrate/node_modules/db-migrate/node_modules/db-migrate/node_modules/db-migrate/node_modules/db-migrate/node_modules/db-migrate/node_modules/db-migrate/node_modules/db-migrate/node_modules/db-migrate/node_modules/.bin
211 info preinstall db-migrate@0.9.2
212 verbose linkStuff [ false,
212 verbose linkStuff   false,
212 verbose linkStuff   false,
212 verbose linkStuff   '/Users/tomcaflisch/Sites/node-db-migrate/node_modules/db-migrate/node_modules/db-migrate/node_modules/db-migrate/node_modules/db-migrate/node_modules/db-migrate/node_modules/db-migrate/node_modules/db-migrate/node_modules/db-migrate/node_modules/db-migrate/node_modules/db-migrate/node_modules/db-migrate/node_modules/db-migrate/node_modules/db-migrate/node_modules' ]
213 info linkStuff db-migrate@0.9.2
214 verbose linkBins db-migrate@0.9.2
215 verbose link bins [ { 'db-migrate': './bin/db-migrate' },
215 verbose link bins   '/Users/tomcaflisch/Sites/node-db-migrate/node_modules/db-migrate/node_modules/db-migrate/node_modules/db-migrate/node_modules/db-migrate/node_modules/db-migrate/node_modules/db-migrate/node_modules/db-migrate/node_modules/db-migrate/node_modules/db-migrate/node_modules/db-migrate/node_modules/db-migrate/node_modules/db-migrate/node_modules/db-migrate/node_modules/.bin',
215 verbose link bins   false ]
216 verbose linkMans db-migrate@0.9.2
217 verbose rebuildBundles db-migrate@0.9.2
218 verbose rebuildBundles [ '.bin',
218 verbose rebuildBundles   'async',
218 verbose rebuildBundles   'code',
218 verbose rebuildBundles   'db-meta',
218 verbose rebuildBundles   'db-migrate',
218 verbose rebuildBundles   'dotenv',
218 verbose rebuildBundles   'final-fs',
218 verbose rebuildBundles   'lab',
218 verbose rebuildBundles   'mkdirp',
218 verbose rebuildBundles   'moment',
218 verbose rebuildBundles   'mongodb',
218 verbose rebuildBundles   'mysql',
218 verbose rebuildBundles   'nomnom',
218 verbose rebuildBundles   'optimist',
218 verbose rebuildBundles   'parse-database-url',
218 verbose rebuildBundles   'pg',
218 verbose rebuildBundles   'pkginfo',
218 verbose rebuildBundles   'rimraf',
218 verbose rebuildBundles   'semver',
218 verbose rebuildBundles   'sqlite3',
218 verbose rebuildBundles   'vows' ]
219 verbose rebuild bundle /Users/tomcaflisch/Sites/node-db-migrate/node_modules/db-migrate/node_modules/db-migrate/node_modules/db-migrate/node_modules/db-migrate/node_modules/db-migrate/node_modules/db-migrate/node_modules/db-migrate/node_modules/db-migrate/node_modules/db-migrate/node_modules/db-migrate/node_modules/db-migrate/node_modules/db-migrate/node_modules/db-migrate/node_modules/db-migrate/node_modules/db-migrate
220 verbose gentlyRm vacuuming /Users/tomcaflisch/Sites/node-db-migrate/node_modules/db-migrate/node_modules/db-migrate/node_modules/db-migrate/node_modules/db-migrate/node_modules/db-migrate/node_modules/db-migrate/node_modules/db-migrate/node_modules/db-migrate/node_modules/db-migrate/node_modules/db-migrate/node_modules/db-migrate/node_modules/db-migrate/node_modules/db-migrate/node_modules/.bin/db-migrate
221 info build /Users/tomcaflisch/Sites/node-db-migrate/node_modules/db-migrate/node_modules/db-migrate/node_modules/db-migrate/node_modules/db-migrate/node_modules/db-migrate/node_modules/db-migrate/node_modules/db-migrate/node_modules/db-migrate/node_modules/db-migrate/node_modules/db-migrate/node_modules/db-migrate/node_modules/db-migrate/node_modules/db-migrate/node_modules/db-migrate/node_modules/db-migrate
222 silly gentlyRm purging /Users/tomcaflisch/Sites/node-db-migrate/node_modules/db-migrate/node_modules/db-migrate/node_modules/db-migrate/node_modules/db-migrate/node_modules/db-migrate/node_modules/db-migrate/node_modules/db-migrate/node_modules/db-migrate/node_modules/db-migrate/node_modules/db-migrate/node_modules/db-migrate/node_modules/db-migrate/node_modules/db-migrate/node_modules/.bin/db-migrate
223 silly gentlyRm quitting because other entries in /Users/tomcaflisch/Sites/node-db-migrate/node_modules/db-migrate/node_modules/db-migrate/node_modules/db-migrate/node_modules/db-migrate/node_modules/db-migrate/node_modules/db-migrate/node_modules/db-migrate/node_modules/db-migrate/node_modules/db-migrate/node_modules/db-migrate/node_modules/db-migrate/node_modules/db-migrate/node_modules/db-migrate/node_modules/.bin
224 info preinstall db-migrate@0.9.2
225 verbose linkStuff [ false,
225 verbose linkStuff   false,
225 verbose linkStuff   false,
225 verbose linkStuff   '/Users/tomcaflisch/Sites/node-db-migrate/node_modules/db-migrate/node_modules/db-migrate/node_modules/db-migrate/node_modules/db-migrate/node_modules/db-migrate/node_modules/db-migrate/node_modules/db-migrate/node_modules/db-migrate/node_modules/db-migrate/node_modules/db-migrate/node_modules/db-migrate/node_modules/db-migrate/node_modules/db-migrate/node_modules/db-migrate/node_modules' ]
226 info linkStuff db-migrate@0.9.2
227 verbose linkBins db-migrate@0.9.2
228 verbose link bins [ { 'db-migrate': './bin/db-migrate' },
228 verbose link bins   '/Users/tomcaflisch/Sites/node-db-migrate/node_modules/db-migrate/node_modules/db-migrate/node_modules/db-migrate/node_modules/db-migrate/node_modules/db-migrate/node_modules/db-migrate/node_modules/db-migrate/node_modules/db-migrate/node_modules/db-migrate/node_modules/db-migrate/node_modules/db-migrate/node_modules/db-migrate/node_modules/db-migrate/node_modules/db-migrate/node_modules/.bin',
228 verbose link bins   false ]
229 verbose linkMans db-migrate@0.9.2
230 verbose rebuildBundles db-migrate@0.9.2
231 verbose rebuildBundles [ '.bin',
231 verbose rebuildBundles   'async',
231 verbose rebuildBundles   'code',
231 verbose rebuildBundles   'db-meta',
231 verbose rebuildBundles   'db-migrate',
231 verbose rebuildBundles   'dotenv',
231 verbose rebuildBundles   'final-fs',
231 verbose rebuildBundles   'lab',
231 verbose rebuildBundles   'mkdirp',
231 verbose rebuildBundles   'moment',
231 verbose rebuildBundles   'mongodb',
231 verbose rebuildBundles   'mysql',
231 verbose rebuildBundles   'nomnom',
231 verbose rebuildBundles   'optimist',
231 verbose rebuildBundles   'parse-database-url',
231 verbose rebuildBundles   'pg',
231 verbose rebuildBundles   'pkginfo',
231 verbose rebuildBundles   'rimraf',
231 verbose rebuildBundles   'semver',
231 verbose rebuildBundles   'sqlite3',
231 verbose rebuildBundles   'vows' ]
232 verbose rebuild bundle /Users/tomcaflisch/Sites/node-db-migrate/node_modules/db-migrate/node_modules/db-migrate/node_modules/db-migrate/node_modules/db-migrate/node_modules/db-migrate/node_modules/db-migrate/node_modules/db-migrate/node_modules/db-migrate/node_modules/db-migrate/node_modules/db-migrate/node_modules/db-migrate/node_modules/db-migrate/node_modules/db-migrate/node_modules/db-migrate/node_modules/db-migrate/node_modules/db-migrate
233 verbose gentlyRm vacuuming /Users/tomcaflisch/Sites/node-db-migrate/node_modules/db-migrate/node_modules/db-migrate/node_modules/db-migrate/node_modules/db-migrate/node_modules/db-migrate/node_modules/db-migrate/node_modules/db-migrate/node_modules/db-migrate/node_modules/db-migrate/node_modules/db-migrate/node_modules/db-migrate/node_modules/db-migrate/node_modules/db-migrate/node_modules/db-migrate/node_modules/.bin/db-migrate
234 info build /Users/tomcaflisch/Sites/node-db-migrate/node_modules/db-migrate/node_modules/db-migrate/node_modules/db-migrate/node_modules/db-migrate/node_modules/db-migrate/node_modules/db-migrate/node_modules/db-migrate/node_modules/db-migrate/node_modules/db-migrate/node_modules/db-migrate/node_modules/db-migrate/node_modules/db-migrate/node_modules/db-migrate/node_modules/db-migrate/node_modules/db-migrate/node_modules/db-migrate
235 silly gentlyRm purging /Users/tomcaflisch/Sites/node-db-migrate/node_modules/db-migrate/node_modules/db-migrate/node_modules/db-migrate/node_modules/db-migrate/node_modules/db-migrate/node_modules/db-migrate/node_modules/db-migrate/node_modules/db-migrate/node_modules/db-migrate/node_modules/db-migrate/node_modules/db-migrate/node_modules/db-migrate/node_modules/db-migrate/node_modules/db-migrate/node_modules/.bin/db-migrate
236 silly gentlyRm quitting because other entries in /Users/tomcaflisch/Sites/node-db-migrate/node_modules/db-migrate/node_modules/db-migrate/node_modules/db-migrate/node_modules/db-migrate/node_modules/db-migrate/node_modules/db-migrate/node_modules/db-migrate/node_modules/db-migrate/node_modules/db-migrate/node_modules/db-migrate/node_modules/db-migrate/node_modules/db-migrate/node_modules/db-migrate/node_modules/db-migrate/node_modules/.bin
237 info preinstall db-migrate@0.9.2
238 verbose linkStuff [ false,
238 verbose linkStuff   false,
238 verbose linkStuff   false,
238 verbose linkStuff   '/Users/tomcaflisch/Sites/node-db-migrate/node_modules/db-migrate/node_modules/db-migrate/node_modules/db-migrate/node_modules/db-migrate/node_modules/db-migrate/node_modules/db-migrate/node_modules/db-migrate/node_modules/db-migrate/node_modules/db-migrate/node_modules/db-migrate/node_modules/db-migrate/node_modules/db-migrate/node_modules/db-migrate/node_modules/db-migrate/node_modules/db-migrate/node_modules' ]
239 info linkStuff db-migrate@0.9.2
240 verbose linkBins db-migrate@0.9.2
241 verbose link bins [ { 'db-migrate': './bin/db-migrate' },
241 verbose link bins   '/Users/tomcaflisch/Sites/node-db-migrate/node_modules/db-migrate/node_modules/db-migrate/node_modules/db-migrate/node_modules/db-migrate/node_modules/db-migrate/node_modules/db-migrate/node_modules/db-migrate/node_modules/db-migrate/node_modules/db-migrate/node_modules/db-migrate/node_modules/db-migrate/node_modules/db-migrate/node_modules/db-migrate/node_modules/db-migrate/node_modules/db-migrate/node_modules/.bin',
241 verbose link bins   false ]
242 verbose linkMans db-migrate@0.9.2
243 verbose rebuildBundles db-migrate@0.9.2
244 verbose rebuildBundles [ '.bin',
244 verbose rebuildBundles   'async',
244 verbose rebuildBundles   'code',
244 verbose rebuildBundles   'db-meta',
244 verbose rebuildBundles   'db-migrate',
244 verbose rebuildBundles   'dotenv',
244 verbose rebuildBundles   'final-fs',
244 verbose rebuildBundles   'lab',
244 verbose rebuildBundles   'mkdirp',
244 verbose rebuildBundles   'moment',
244 verbose rebuildBundles   'mongodb',
244 verbose rebuildBundles   'mysql',
244 verbose rebuildBundles   'nomnom',
244 verbose rebuildBundles   'optimist',
244 verbose rebuildBundles   'parse-database-url',
244 verbose rebuildBundles   'pg',
244 verbose rebuildBundles   'pkginfo',
244 verbose rebuildBundles   'rimraf',
244 verbose rebuildBundles   'semver',
244 verbose rebuildBundles   'sqlite3',
244 verbose rebuildBundles   'vows' ]
245 verbose rebuild bundle /Users/tomcaflisch/Sites/node-db-migrate/node_modules/db-migrate/node_modules/db-migrate/node_modules/db-migrate/node_modules/db-migrate/node_modules/db-migrate/node_modules/db-migrate/node_modules/db-migrate/node_modules/db-migrate/node_modules/db-migrate/node_modules/db-migrate/node_modules/db-migrate/node_modules/db-migrate/node_modules/db-migrate/node_modules/db-migrate/node_modules/db-migrate/node_modules/db-migrate/node_modules/db-migrate
246 verbose gentlyRm vacuuming /Users/tomcaflisch/Sites/node-db-migrate/node_modules/db-migrate/node_modules/db-migrate/node_modules/db-migrate/node_modules/db-migrate/node_modules/db-migrate/node_modules/db-migrate/node_modules/db-migrate/node_modules/db-migrate/node_modules/db-migrate/node_modules/db-migrate/node_modules/db-migrate/node_modules/db-migrate/node_modules/db-migrate/node_modules/db-migrate/node_modules/db-migrate/node_modules/.bin/db-migrate
247 verbose rebuild bundle /Users/tomcaflisch/Sites/node-db-migrate/node_modules/db-migrate/node_modules/db-migrate/node_modules/db-migrate/node_modules/db-migrate/node_modules/db-migrate/node_modules/db-migrate/node_modules/db-migrate/node_modules/db-migrate/node_modules/db-migrate/node_modules/db-migrate/node_modules/db-migrate/node_modules/db-migrate/node_modules/db-migrate/node_modules/db-migrate/node_modules/db-migrate/node_modules/db-migrate/node_modules/optimist
248 silly gentlyRm purging /Users/tomcaflisch/Sites/node-db-migrate/node_modules/db-migrate/node_modules/db-migrate/node_modules/db-migrate/node_modules/db-migrate/node_modules/db-migrate/node_modules/db-migrate/node_modules/db-migrate/node_modules/db-migrate/node_modules/db-migrate/node_modules/db-migrate/node_modules/db-migrate/node_modules/db-migrate/node_modules/db-migrate/node_modules/db-migrate/node_modules/db-migrate/node_modules/.bin/db-migrate
249 info build /Users/tomcaflisch/Sites/node-db-migrate/node_modules/db-migrate/node_modules/db-migrate/node_modules/db-migrate/node_modules/db-migrate/node_modules/db-migrate/node_modules/db-migrate/node_modules/db-migrate/node_modules/db-migrate/node_modules/db-migrate/node_modules/db-migrate/node_modules/db-migrate/node_modules/db-migrate/node_modules/db-migrate/node_modules/db-migrate/node_modules/db-migrate/node_modules/db-migrate/node_modules/optimist
250 silly gentlyRm quitting because other entries in /Users/tomcaflisch/Sites/node-db-migrate/node_modules/db-migrate/node_modules/db-migrate/node_modules/db-migrate/node_modules/db-migrate/node_modules/db-migrate/node_modules/db-migrate/node_modules/db-migrate/node_modules/db-migrate/node_modules/db-migrate/node_modules/db-migrate/node_modules/db-migrate/node_modules/db-migrate/node_modules/db-migrate/node_modules/db-migrate/node_modules/db-migrate/node_modules/.bin
251 info preinstall optimist@0.6.1
252 verbose linkStuff [ false,
252 verbose linkStuff   false,
252 verbose linkStuff   false,
252 verbose linkStuff   '/Users/tomcaflisch/Sites/node-db-migrate/node_modules/db-migrate/node_modules/db-migrate/node_modules/db-migrate/node_modules/db-migrate/node_modules/db-migrate/node_modules/db-migrate/node_modules/db-migrate/node_modules/db-migrate/node_modules/db-migrate/node_modules/db-migrate/node_modules/db-migrate/node_modules/db-migrate/node_modules/db-migrate/node_modules/db-migrate/node_modules/db-migrate/node_modules/db-migrate/node_modules' ]
253 info linkStuff optimist@0.6.1
254 verbose linkBins optimist@0.6.1
255 verbose linkMans optimist@0.6.1
256 verbose rebuildBundles optimist@0.6.1
257 verbose rebuildBundles [ 'minimist', 'wordwrap' ]
258 info install optimist@0.6.1
259 info postinstall optimist@0.6.1
260 info install db-migrate@0.9.2
261 info postinstall db-migrate@0.9.2
262 verbose rebuild bundle /Users/tomcaflisch/Sites/node-db-migrate/node_modules/db-migrate/node_modules/db-migrate/node_modules/db-migrate/node_modules/db-migrate/node_modules/db-migrate/node_modules/db-migrate/node_modules/db-migrate/node_modules/db-migrate/node_modules/db-migrate/node_modules/db-migrate/node_modules/db-migrate/node_modules/db-migrate/node_modules/db-migrate/node_modules/db-migrate/node_modules/db-migrate/node_modules/optimist
263 info build /Users/tomcaflisch/Sites/node-db-migrate/node_modules/db-migrate/node_modules/db-migrate/node_modules/db-migrate/node_modules/db-migrate/node_modules/db-migrate/node_modules/db-migrate/node_modules/db-migrate/node_modules/db-migrate/node_modules/db-migrate/node_modules/db-migrate/node_modules/db-migrate/node_modules/db-migrate/node_modules/db-migrate/node_modules/db-migrate/node_modules/db-migrate/node_modules/optimist
264 info preinstall optimist@0.6.1
265 verbose linkStuff [ false,
265 verbose linkStuff   false,
265 verbose linkStuff   false,
265 verbose linkStuff   '/Users/tomcaflisch/Sites/node-db-migrate/node_modules/db-migrate/node_modules/db-migrate/node_modules/db-migrate/node_modules/db-migrate/node_modules/db-migrate/node_modules/db-migrate/node_modules/db-migrate/node_modules/db-migrate/node_modules/db-migrate/node_modules/db-migrate/node_modules/db-migrate/node_modules/db-migrate/node_modules/db-migrate/node_modules/db-migrate/node_modules/db-migrate/node_modules' ]
266 info linkStuff optimist@0.6.1
267 verbose linkBins optimist@0.6.1
268 verbose linkMans optimist@0.6.1
269 verbose rebuildBundles optimist@0.6.1
270 verbose rebuildBundles [ 'minimist', 'wordwrap' ]
271 info install optimist@0.6.1
272 info postinstall optimist@0.6.1
273 info install db-migrate@0.9.2
274 info postinstall db-migrate@0.9.2
275 verbose rebuild bundle /Users/tomcaflisch/Sites/node-db-migrate/node_modules/db-migrate/node_modules/db-migrate/node_modules/db-migrate/node_modules/db-migrate/node_modules/db-migrate/node_modules/db-migrate/node_modules/db-migrate/node_modules/db-migrate/node_modules/db-migrate/node_modules/db-migrate/node_modules/db-migrate/node_modules/db-migrate/node_modules/db-migrate/node_modules/db-migrate/node_modules/optimist
276 info build /Users/tomcaflisch/Sites/node-db-migrate/node_modules/db-migrate/node_modules/db-migrate/node_modules/db-migrate/node_modules/db-migrate/node_modules/db-migrate/node_modules/db-migrate/node_modules/db-migrate/node_modules/db-migrate/node_modules/db-migrate/node_modules/db-migrate/node_modules/db-migrate/node_modules/db-migrate/node_modules/db-migrate/node_modules/db-migrate/node_modules/optimist
277 info preinstall optimist@0.6.1
278 verbose linkStuff [ false,
278 verbose linkStuff   false,
278 verbose linkStuff   false,
278 verbose linkStuff   '/Users/tomcaflisch/Sites/node-db-migrate/node_modules/db-migrate/node_modules/db-migrate/node_modules/db-migrate/node_modules/db-migrate/node_modules/db-migrate/node_modules/db-migrate/node_modules/db-migrate/node_modules/db-migrate/node_modules/db-migrate/node_modules/db-migrate/node_modules/db-migrate/node_modules/db-migrate/node_modules/db-migrate/node_modules/db-migrate/node_modules' ]
279 info linkStuff optimist@0.6.1
280 verbose linkBins optimist@0.6.1
281 verbose linkMans optimist@0.6.1
282 verbose rebuildBundles optimist@0.6.1
283 verbose rebuildBundles [ 'minimist', 'wordwrap' ]
284 info install optimist@0.6.1
285 info postinstall optimist@0.6.1
286 info install db-migrate@0.9.2
287 info postinstall db-migrate@0.9.2
288 verbose rebuild bundle /Users/tomcaflisch/Sites/node-db-migrate/node_modules/db-migrate/node_modules/db-migrate/node_modules/db-migrate/node_modules/db-migrate/node_modules/db-migrate/node_modules/db-migrate/node_modules/db-migrate/node_modules/db-migrate/node_modules/db-migrate/node_modules/db-migrate/node_modules/db-migrate/node_modules/db-migrate/node_modules/db-migrate/node_modules/optimist
289 info build /Users/tomcaflisch/Sites/node-db-migrate/node_modules/db-migrate/node_modules/db-migrate/node_modules/db-migrate/node_modules/db-migrate/node_modules/db-migrate/node_modules/db-migrate/node_modules/db-migrate/node_modules/db-migrate/node_modules/db-migrate/node_modules/db-migrate/node_modules/db-migrate/node_modules/db-migrate/node_modules/db-migrate/node_modules/optimist
290 info preinstall optimist@0.6.1
291 verbose linkStuff [ false,
291 verbose linkStuff   false,
291 verbose linkStuff   false,
291 verbose linkStuff   '/Users/tomcaflisch/Sites/node-db-migrate/node_modules/db-migrate/node_modules/db-migrate/node_modules/db-migrate/node_modules/db-migrate/node_modules/db-migrate/node_modules/db-migrate/node_modules/db-migrate/node_modules/db-migrate/node_modules/db-migrate/node_modules/db-migrate/node_modules/db-migrate/node_modules/db-migrate/node_modules/db-migrate/node_modules' ]
292 info linkStuff optimist@0.6.1
293 verbose linkBins optimist@0.6.1
294 verbose linkMans optimist@0.6.1
295 verbose rebuildBundles optimist@0.6.1
296 verbose rebuildBundles [ 'minimist', 'wordwrap' ]
297 info install optimist@0.6.1
298 info postinstall optimist@0.6.1
299 info install db-migrate@0.9.2
300 info postinstall db-migrate@0.9.2
301 verbose rebuild bundle /Users/tomcaflisch/Sites/node-db-migrate/node_modules/db-migrate/node_modules/db-migrate/node_modules/db-migrate/node_modules/db-migrate/node_modules/db-migrate/node_modules/db-migrate/node_modules/db-migrate/node_modules/db-migrate/node_modules/db-migrate/node_modules/db-migrate/node_modules/db-migrate/node_modules/db-migrate/node_modules/optimist
302 info build /Users/tomcaflisch/Sites/node-db-migrate/node_modules/db-migrate/node_modules/db-migrate/node_modules/db-migrate/node_modules/db-migrate/node_modules/db-migrate/node_modules/db-migrate/node_modules/db-migrate/node_modules/db-migrate/node_modules/db-migrate/node_modules/db-migrate/node_modules/db-migrate/node_modules/db-migrate/node_modules/optimist
303 info preinstall optimist@0.6.1
304 verbose linkStuff [ false,
304 verbose linkStuff   false,
304 verbose linkStuff   false,
304 verbose linkStuff   '/Users/tomcaflisch/Sites/node-db-migrate/node_modules/db-migrate/node_modules/db-migrate/node_modules/db-migrate/node_modules/db-migrate/node_modules/db-migrate/node_modules/db-migrate/node_modules/db-migrate/node_modules/db-migrate/node_modules/db-migrate/node_modules/db-migrate/node_modules/db-migrate/node_modules/db-migrate/node_modules' ]
305 info linkStuff optimist@0.6.1
306 verbose linkBins optimist@0.6.1
307 verbose linkMans optimist@0.6.1
308 verbose rebuildBundles optimist@0.6.1
309 verbose rebuildBundles [ 'minimist', 'wordwrap' ]
310 info install optimist@0.6.1
311 info postinstall optimist@0.6.1
312 info install db-migrate@0.9.2
313 info postinstall db-migrate@0.9.2
314 verbose rebuild bundle /Users/tomcaflisch/Sites/node-db-migrate/node_modules/db-migrate/node_modules/db-migrate/node_modules/db-migrate/node_modules/db-migrate/node_modules/db-migrate/node_modules/db-migrate/node_modules/db-migrate/node_modules/db-migrate/node_modules/db-migrate/node_modules/db-migrate/node_modules/db-migrate/node_modules/optimist
315 info build /Users/tomcaflisch/Sites/node-db-migrate/node_modules/db-migrate/node_modules/db-migrate/node_modules/db-migrate/node_modules/db-migrate/node_modules/db-migrate/node_modules/db-migrate/node_modules/db-migrate/node_modules/db-migrate/node_modules/db-migrate/node_modules/db-migrate/node_modules/db-migrate/node_modules/optimist
316 info preinstall optimist@0.6.1
317 verbose linkStuff [ false,
317 verbose linkStuff   false,
317 verbose linkStuff   false,
317 verbose linkStuff   '/Users/tomcaflisch/Sites/node-db-migrate/node_modules/db-migrate/node_modules/db-migrate/node_modules/db-migrate/node_modules/db-migrate/node_modules/db-migrate/node_modules/db-migrate/node_modules/db-migrate/node_modules/db-migrate/node_modules/db-migrate/node_modules/db-migrate/node_modules/db-migrate/node_modules' ]
318 info linkStuff optimist@0.6.1
319 verbose linkBins optimist@0.6.1
320 verbose linkMans optimist@0.6.1
321 verbose rebuildBundles optimist@0.6.1
322 verbose rebuildBundles [ 'minimist', 'wordwrap' ]
323 info install optimist@0.6.1
324 info postinstall optimist@0.6.1
325 info install db-migrate@0.9.2
326 info postinstall db-migrate@0.9.2
327 verbose rebuild bundle /Users/tomcaflisch/Sites/node-db-migrate/node_modules/db-migrate/node_modules/db-migrate/node_modules/db-migrate/node_modules/db-migrate/node_modules/db-migrate/node_modules/db-migrate/node_modules/db-migrate/node_modules/db-migrate/node_modules/db-migrate/node_modules/db-migrate/node_modules/optimist
328 info build /Users/tomcaflisch/Sites/node-db-migrate/node_modules/db-migrate/node_modules/db-migrate/node_modules/db-migrate/node_modules/db-migrate/node_modules/db-migrate/node_modules/db-migrate/node_modules/db-migrate/node_modules/db-migrate/node_modules/db-migrate/node_modules/db-migrate/node_modules/optimist
329 info preinstall optimist@0.6.1
330 verbose linkStuff [ false,
330 verbose linkStuff   false,
330 verbose linkStuff   false,
330 verbose linkStuff   '/Users/tomcaflisch/Sites/node-db-migrate/node_modules/db-migrate/node_modules/db-migrate/node_modules/db-migrate/node_modules/db-migrate/node_modules/db-migrate/node_modules/db-migrate/node_modules/db-migrate/node_modules/db-migrate/node_modules/db-migrate/node_modules/db-migrate/node_modules' ]
331 info linkStuff optimist@0.6.1
332 verbose linkBins optimist@0.6.1
333 verbose linkMans optimist@0.6.1
334 verbose rebuildBundles optimist@0.6.1
335 verbose rebuildBundles [ 'minimist', 'wordwrap' ]
336 info install optimist@0.6.1
337 info postinstall optimist@0.6.1
338 info install db-migrate@0.9.2
339 info postinstall db-migrate@0.9.2
340 verbose rebuild bundle /Users/tomcaflisch/Sites/node-db-migrate/node_modules/db-migrate/node_modules/db-migrate/node_modules/db-migrate/node_modules/db-migrate/node_modules/db-migrate/node_modules/db-migrate/node_modules/db-migrate/node_modules/db-migrate/node_modules/db-migrate/node_modules/optimist
341 info build /Users/tomcaflisch/Sites/node-db-migrate/node_modules/db-migrate/node_modules/db-migrate/node_modules/db-migrate/node_modules/db-migrate/node_modules/db-migrate/node_modules/db-migrate/node_modules/db-migrate/node_modules/db-migrate/node_modules/db-migrate/node_modules/optimist
342 info preinstall optimist@0.6.1
343 verbose linkStuff [ false,
343 verbose linkStuff   false,
343 verbose linkStuff   false,
343 verbose linkStuff   '/Users/tomcaflisch/Sites/node-db-migrate/node_modules/db-migrate/node_modules/db-migrate/node_modules/db-migrate/node_modules/db-migrate/node_modules/db-migrate/node_modules/db-migrate/node_modules/db-migrate/node_modules/db-migrate/node_modules/db-migrate/node_modules' ]
344 info linkStuff optimist@0.6.1
345 verbose linkBins optimist@0.6.1
346 verbose linkMans optimist@0.6.1
347 verbose rebuildBundles optimist@0.6.1
348 verbose rebuildBundles [ 'minimist', 'wordwrap' ]
349 info install optimist@0.6.1
350 info postinstall optimist@0.6.1
351 info install db-migrate@0.9.2
352 info postinstall db-migrate@0.9.2
353 verbose rebuild bundle /Users/tomcaflisch/Sites/node-db-migrate/node_modules/db-migrate/node_modules/db-migrate/node_modules/db-migrate/node_modules/db-migrate/node_modules/db-migrate/node_modules/db-migrate/node_modules/db-migrate/node_modules/db-migrate/node_modules/optimist
354 info build /Users/tomcaflisch/Sites/node-db-migrate/node_modules/db-migrate/node_modules/db-migrate/node_modules/db-migrate/node_modules/db-migrate/node_modules/db-migrate/node_modules/db-migrate/node_modules/db-migrate/node_modules/db-migrate/node_modules/optimist
355 info preinstall optimist@0.6.1
356 verbose linkStuff [ false,
356 verbose linkStuff   false,
356 verbose linkStuff   false,
356 verbose linkStuff   '/Users/tomcaflisch/Sites/node-db-migrate/node_modules/db-migrate/node_modules/db-migrate/node_modules/db-migrate/node_modules/db-migrate/node_modules/db-migrate/node_modules/db-migrate/node_modules/db-migrate/node_modules/db-migrate/node_modules' ]
357 info linkStuff optimist@0.6.1
358 verbose linkBins optimist@0.6.1
359 verbose linkMans optimist@0.6.1
360 verbose rebuildBundles optimist@0.6.1
361 verbose rebuildBundles [ 'minimist', 'wordwrap' ]
362 info install optimist@0.6.1
363 info postinstall optimist@0.6.1
364 info install db-migrate@0.9.2
365 info postinstall db-migrate@0.9.2
366 verbose rebuild bundle /Users/tomcaflisch/Sites/node-db-migrate/node_modules/db-migrate/node_modules/db-migrate/node_modules/db-migrate/node_modules/db-migrate/node_modules/db-migrate/node_modules/db-migrate/node_modules/db-migrate/node_modules/optimist
367 info build /Users/tomcaflisch/Sites/node-db-migrate/node_modules/db-migrate/node_modules/db-migrate/node_modules/db-migrate/node_modules/db-migrate/node_modules/db-migrate/node_modules/db-migrate/node_modules/db-migrate/node_modules/optimist
368 info preinstall optimist@0.6.1
369 verbose linkStuff [ false,
369 verbose linkStuff   false,
369 verbose linkStuff   false,
369 verbose linkStuff   '/Users/tomcaflisch/Sites/node-db-migrate/node_modules/db-migrate/node_modules/db-migrate/node_modules/db-migrate/node_modules/db-migrate/node_modules/db-migrate/node_modules/db-migrate/node_modules/db-migrate/node_modules' ]
370 info linkStuff optimist@0.6.1
371 verbose linkBins optimist@0.6.1
372 verbose linkMans optimist@0.6.1
373 verbose rebuildBundles optimist@0.6.1
374 verbose rebuildBundles [ 'minimist', 'wordwrap' ]
375 info install optimist@0.6.1
376 info postinstall optimist@0.6.1
377 info install db-migrate@0.9.2
378 info postinstall db-migrate@0.9.2
379 verbose rebuild bundle /Users/tomcaflisch/Sites/node-db-migrate/node_modules/db-migrate/node_modules/db-migrate/node_modules/db-migrate/node_modules/db-migrate/node_modules/db-migrate/node_modules/db-migrate/node_modules/optimist
380 info build /Users/tomcaflisch/Sites/node-db-migrate/node_modules/db-migrate/node_modules/db-migrate/node_modules/db-migrate/node_modules/db-migrate/node_modules/db-migrate/node_modules/db-migrate/node_modules/optimist
381 info preinstall optimist@0.6.1
382 verbose linkStuff [ false,
382 verbose linkStuff   false,
382 verbose linkStuff   false,
382 verbose linkStuff   '/Users/tomcaflisch/Sites/node-db-migrate/node_modules/db-migrate/node_modules/db-migrate/node_modules/db-migrate/node_modules/db-migrate/node_modules/db-migrate/node_modules/db-migrate/node_modules' ]
383 info linkStuff optimist@0.6.1
384 verbose linkBins optimist@0.6.1
385 verbose linkMans optimist@0.6.1
386 verbose rebuildBundles optimist@0.6.1
387 verbose rebuildBundles [ 'minimist', 'wordwrap' ]
388 info install optimist@0.6.1
389 info postinstall optimist@0.6.1
390 info install db-migrate@0.9.2
391 info postinstall db-migrate@0.9.2
392 verbose rebuild bundle /Users/tomcaflisch/Sites/node-db-migrate/node_modules/db-migrate/node_modules/db-migrate/node_modules/db-migrate/node_modules/db-migrate/node_modules/db-migrate/node_modules/optimist
393 info build /Users/tomcaflisch/Sites/node-db-migrate/node_modules/db-migrate/node_modules/db-migrate/node_modules/db-migrate/node_modules/db-migrate/node_modules/db-migrate/node_modules/optimist
394 info preinstall optimist@0.6.1
395 verbose linkStuff [ false,
395 verbose linkStuff   false,
395 verbose linkStuff   false,
395 verbose linkStuff   '/Users/tomcaflisch/Sites/node-db-migrate/node_modules/db-migrate/node_modules/db-migrate/node_modules/db-migrate/node_modules/db-migrate/node_modules/db-migrate/node_modules' ]
396 info linkStuff optimist@0.6.1
397 verbose linkBins optimist@0.6.1
398 verbose linkMans optimist@0.6.1
399 verbose rebuildBundles optimist@0.6.1
400 verbose rebuildBundles [ 'minimist', 'wordwrap' ]
401 info install optimist@0.6.1
402 info postinstall optimist@0.6.1
403 info install db-migrate@0.9.2
404 info postinstall db-migrate@0.9.2
405 verbose rebuild bundle /Users/tomcaflisch/Sites/node-db-migrate/node_modules/db-migrate/node_modules/db-migrate/node_modules/db-migrate/node_modules/db-migrate/node_modules/optimist
406 info build /Users/tomcaflisch/Sites/node-db-migrate/node_modules/db-migrate/node_modules/db-migrate/node_modules/db-migrate/node_modules/db-migrate/node_modules/optimist
407 info preinstall optimist@0.6.1
408 verbose linkStuff [ false,
408 verbose linkStuff   false,
408 verbose linkStuff   false,
408 verbose linkStuff   '/Users/tomcaflisch/Sites/node-db-migrate/node_modules/db-migrate/node_modules/db-migrate/node_modules/db-migrate/node_modules/db-migrate/node_modules' ]
409 info linkStuff optimist@0.6.1
410 verbose linkBins optimist@0.6.1
411 verbose linkMans optimist@0.6.1
412 verbose rebuildBundles optimist@0.6.1
413 verbose rebuildBundles [ 'minimist', 'wordwrap' ]
414 info install optimist@0.6.1
415 info postinstall optimist@0.6.1
416 info install db-migrate@0.9.2
417 info postinstall db-migrate@0.9.2
418 verbose rebuild bundle /Users/tomcaflisch/Sites/node-db-migrate/node_modules/db-migrate/node_modules/db-migrate/node_modules/db-migrate/node_modules/optimist
419 info build /Users/tomcaflisch/Sites/node-db-migrate/node_modules/db-migrate/node_modules/db-migrate/node_modules/db-migrate/node_modules/optimist
420 info preinstall optimist@0.6.1
421 verbose linkStuff [ false,
421 verbose linkStuff   false,
421 verbose linkStuff   false,
421 verbose linkStuff   '/Users/tomcaflisch/Sites/node-db-migrate/node_modules/db-migrate/node_modules/db-migrate/node_modules/db-migrate/node_modules' ]
422 info linkStuff optimist@0.6.1
423 verbose linkBins optimist@0.6.1
424 verbose linkMans optimist@0.6.1
425 verbose rebuildBundles optimist@0.6.1
426 verbose rebuildBundles [ 'minimist', 'wordwrap' ]
427 info install optimist@0.6.1
428 info postinstall optimist@0.6.1
429 info install db-migrate@0.9.2
430 info postinstall db-migrate@0.9.2
431 verbose rebuild bundle /Users/tomcaflisch/Sites/node-db-migrate/node_modules/db-migrate/node_modules/db-migrate/node_modules/optimist
432 info build /Users/tomcaflisch/Sites/node-db-migrate/node_modules/db-migrate/node_modules/db-migrate/node_modules/optimist
433 info preinstall optimist@0.6.1
434 verbose linkStuff [ false,
434 verbose linkStuff   false,
434 verbose linkStuff   false,
434 verbose linkStuff   '/Users/tomcaflisch/Sites/node-db-migrate/node_modules/db-migrate/node_modules/db-migrate/node_modules' ]
435 info linkStuff optimist@0.6.1
436 verbose linkBins optimist@0.6.1
437 verbose linkMans optimist@0.6.1
438 verbose rebuildBundles optimist@0.6.1
439 verbose rebuildBundles [ 'minimist', 'wordwrap' ]
440 info install optimist@0.6.1
441 info postinstall optimist@0.6.1
442 info install db-migrate@0.9.2
443 info postinstall db-migrate@0.9.2
444 verbose rebuild bundle /Users/tomcaflisch/Sites/node-db-migrate/node_modules/db-migrate/node_modules/optimist
445 info build /Users/tomcaflisch/Sites/node-db-migrate/node_modules/db-migrate/node_modules/optimist
446 info preinstall optimist@0.6.1
447 verbose linkStuff [ false,
447 verbose linkStuff   false,
447 verbose linkStuff   false,
447 verbose linkStuff   '/Users/tomcaflisch/Sites/node-db-migrate/node_modules/db-migrate/node_modules' ]
448 info linkStuff optimist@0.6.1
449 verbose linkBins optimist@0.6.1
450 verbose linkMans optimist@0.6.1
451 verbose rebuildBundles optimist@0.6.1
452 verbose rebuildBundles [ 'minimist', 'wordwrap' ]
453 info install optimist@0.6.1
454 info postinstall optimist@0.6.1
455 info install db-migrate@0.9.2
456 info postinstall db-migrate@0.9.2
457 verbose rebuild bundle /Users/tomcaflisch/Sites/node-db-migrate/node_modules/optimist
458 info build /Users/tomcaflisch/Sites/node-db-migrate/node_modules/optimist
459 info preinstall optimist@0.6.1
460 verbose linkStuff [ false,
460 verbose linkStuff   false,
460 verbose linkStuff   false,
460 verbose linkStuff   '/Users/tomcaflisch/Sites/node-db-migrate/node_modules' ]
461 info linkStuff optimist@0.6.1
462 verbose linkBins optimist@0.6.1
463 verbose linkMans optimist@0.6.1
464 verbose rebuildBundles optimist@0.6.1
465 verbose rebuildBundles [ 'minimist', 'wordwrap' ]
466 info install optimist@0.6.1
467 info postinstall optimist@0.6.1
468 info install db-migrate@0.9.2
469 info postinstall db-migrate@0.9.2
470 info prepublish db-migrate@0.9.2
471 info build /usr/local/lib/node_modules/db-migrate
472 verbose linkStuff [ true,
472 verbose linkStuff   '/usr/local/lib/node_modules',
472 verbose linkStuff   true,
472 verbose linkStuff   '/usr/local/lib/node_modules' ]
473 info linkStuff db-migrate@0.9.2
474 verbose linkBins db-migrate@0.9.2
475 verbose link bins [ { 'db-migrate': './bin/db-migrate' }, '/usr/local/bin', true ]
476 verbose linkMans db-migrate@0.9.2
477 verbose gentlyRm verifying that /Users/tomcaflisch/Sites/node-db-migrate is managed by npm
478 silly isManaged /Users/tomcaflisch/Sites/node-db-migrate is not inside /Users/tomcaflisch/Sites/node-db-migrate/node_modules
479 silly isManaged /Users/tomcaflisch/Sites/node-db-migrate is not inside /Users/tomcaflisch/Sites/node-db-migrate/node_modules
480 silly isManaged /Users/tomcaflisch/Sites/node-db-migrate/node_modules/.bin is inside /Users/tomcaflisch/Sites/node-db-migrate
481 silly gentlyRm /Users/tomcaflisch/Sites/node-db-migrate is managed by npm
482 silly gentlyRm /usr/local/bin/db-migrate is not under /Users/tomcaflisch/Sites/node-db-migrate
483 silly gentlyRm checking to see if /usr/local/bin/db-migrate is a link
484 silly gentlyRm /usr/local/bin/db-migrate is a link
485 silly gentlyRm checking to see if /usr/local/lib/node_modules/db-migrate/bin/db-migrate is managed by npm
486 silly isManaged /usr/local/lib/node_modules/db-migrate/bin/db-migrate is not inside /Users/tomcaflisch/Sites/node-db-migrate/node_modules
487 silly isManaged /usr/local/lib/node_modules/db-migrate/bin/db-migrate is not inside /Users/tomcaflisch/Sites/node-db-migrate/node_modules
488 silly isManaged /usr/local/lib/node_modules/db-migrate/bin/db-migrate is not inside /Users/tomcaflisch/Sites/node-db-migrate/node_modules/.bin
489 silly isManaged /usr/local/lib/node_modules/db-migrate/bin/db-migrate is not inside /Users/tomcaflisch/Sites/node-db-migrate
490 silly isManaged /usr/local/lib/node_modules is not inside /usr/local/lib/node_modules/db-migrate/bin/db-migrate
491 verbose isManaged no path
492 silly isManaged /usr/local/bin is not inside /usr/local/lib/node_modules/db-migrate/bin/db-migrate
493 silly isManaged /usr/local is not inside /usr/local/lib/node_modules/db-migrate/bin/db-migrate
494 verbose gentlyRm /usr/local/lib/node_modules/db-migrate/bin/db-migrate is not managed by npm
495 verbose stack Error: Refusing to delete: /usr/local/bin/db-migrate not in /Users/tomcaflisch/Sites/node-db-migrate
495 verbose stack     at clobberFail (/usr/local/lib/node_modules/npm/lib/utils/gently-rm.js:168:12)
495 verbose stack     at /usr/local/lib/node_modules/npm/lib/utils/gently-rm.js:107:18
495 verbose stack     at zalgoSafe (/usr/local/lib/node_modules/npm/node_modules/dezalgo/dezalgo.js:20:10)
495 verbose stack     at map (/usr/local/lib/node_modules/npm/node_modules/async-some/some.js:28:33)
495 verbose stack     at reduce (/usr/local/lib/node_modules/npm/node_modules/async-some/some.js:38:5)
495 verbose stack     at /usr/local/lib/node_modules/npm/lib/utils/gently-rm.js:134:14
495 verbose stack     at cb (/usr/local/lib/node_modules/npm/node_modules/slide/lib/async-map.js:47:24)
495 verbose stack     at /usr/local/lib/node_modules/npm/lib/utils/gently-rm.js:152:16
495 verbose stack     at Object.oncomplete (evalmachine.<anonymous>:107:15)
496 verbose cwd /Users/tomcaflisch/Sites/node-db-migrate
497 error Darwin 14.0.0
498 error argv "node" "/usr/local/bin/npm" "link"
499 error node v0.10.26
500 error npm  v2.5.0
501 error path /usr/local/bin/db-migrate
502 error code EEXIST
503 error Refusing to delete: /usr/local/bin/db-migrate not in /Users/tomcaflisch/Sites/node-db-migrate
File exists: /usr/local/bin/db-migrate
Move it away, and try again.
504 verbose exit [ 1, true ]
